[debug] [2022-01-07T17:41:20.884Z] ----------------------------------------------------------------------
[debug] [2022-01-07T17:41:20.890Z] Command:       /usr/bin/node /usr/local/bin/firebase deploy
[debug] [2022-01-07T17:41:20.899Z] CLI Version:   10.0.1
[debug] [2022-01-07T17:41:20.900Z] Platform:      linux
[debug] [2022-01-07T17:41:20.900Z] Node Version:  v12.22.5
[debug] [2022-01-07T17:41:20.936Z] Time:          Sat Jan 08 2022 01:41:20 GMT+0800 (Philippine Standard Time)
[debug] [2022-01-07T17:41:20.937Z] ----------------------------------------------------------------------
[debug] 
[debug] [2022-01-07T17:41:21.128Z] > command requires scopes: ["email","openid","https://www.googleapis.com/auth/cloudplatformprojects.readonly","https://www.googleapis.com/auth/firebase","https://www.googleapis.com/auth/cloud-platform"]
[debug] [2022-01-07T17:41:21.128Z] > authorizing via signed-in user (allainnotarte232@gmail.com)
[debug] [2022-01-07T17:41:21.128Z] [iam] checking project r-space-e74eb for permissions ["firebase.projects.get","firebasehosting.sites.update"]
[debug] [2022-01-07T17:41:21.133Z] > refreshing access token with scopes: ["email","https://www.googleapis.com/auth/cloud-platform","https://www.googleapis.com/auth/cloudplatformprojects.readonly","https://www.googleapis.com/auth/firebase","openid"]
[debug] [2022-01-07T17:41:21.134Z] >>> HTTP REQUEST POST https://www.googleapis.com/oauth2/v3/token  
 <request body omitted>
[debug] [2022-01-07T17:41:21.391Z] <<< HTTP RESPONSE 200 {"expires":"Mon, 01 Jan 1990 00:00:00 GMT","date":"Fri, 07 Jan 2022 17:41:21 GMT","pragma":"no-cache","cache-control":"no-cache, no-store, max-age=0, must-revalidate","content-type":"application/json; charset=utf-8","vary":"X-Origin, Referer, Origin,Accept-Encoding","server":"scaffolding on HTTPServer2","x-xss-protection":"0","x-frame-options":"SAMEORIGIN","x-content-type-options":"nosniff","alt-svc":"h3=\":443\"; ma=2592000,h3-29=\":443\"; ma=2592000,h3-Q050=\":443\"; ma=2592000,h3-Q046=\":443\"; ma=2592000,h3-Q043=\":443\"; ma=2592000,quic=\":443\"; ma=2592000; v=\"46,43\"","accept-ranges":"none","transfer-encoding":"chunked"}
[debug] [2022-01-07T17:41:21.411Z] >>> HTTP REQUEST POST https://cloudresourcemanager.googleapis.com/v1/projects/r-space-e74eb:testIamPermissions  
 {"permissions":["firebase.projects.get","firebasehosting.sites.update"]}
[debug] [2022-01-07T17:41:22.496Z] <<< HTTP RESPONSE 200 {"content-type":"application/json; charset=UTF-8","vary":"X-Origin, Referer, Origin,Accept-Encoding","date":"Fri, 07 Jan 2022 17:41:22 GMT","server":"ESF","cache-control":"private","x-xss-protection":"0","x-frame-options":"SAMEORIGIN","x-content-type-options":"nosniff","server-timing":"gfet4t7; dur=886","alt-svc":"h3=\":443\"; ma=2592000,h3-29=\":443\"; ma=2592000,h3-Q050=\":443\"; ma=2592000,h3-Q046=\":443\"; ma=2592000,h3-Q043=\":443\"; ma=2592000,quic=\":443\"; ma=2592000; v=\"46,43\"","accept-ranges":"none","transfer-encoding":"chunked"}
[debug] [2022-01-07T17:41:22.498Z] [iam] error while checking permissions, command may fail: FirebaseError: Authorization failed. This account is missing the following required permissions on project r-space-e74eb:

  firebase.projects.get
  firebasehosting.sites.update
[debug] [2022-01-07T17:41:22.502Z] > refreshing access token with scopes: []
[debug] [2022-01-07T17:41:22.503Z] >>> HTTP REQUEST POST https://www.googleapis.com/oauth2/v3/token  
 <request body omitted>
[debug] [2022-01-07T17:41:22.716Z] <<< HTTP RESPONSE 200 {"cache-control":"no-cache, no-store, max-age=0, must-revalidate","pragma":"no-cache","expires":"Mon, 01 Jan 1990 00:00:00 GMT","date":"Fri, 07 Jan 2022 17:41:22 GMT","content-type":"application/json; charset=utf-8","vary":"X-Origin, Referer, Origin,Accept-Encoding","server":"scaffolding on HTTPServer2","x-xss-protection":"0","x-frame-options":"SAMEORIGIN","x-content-type-options":"nosniff","alt-svc":"h3=\":443\"; ma=2592000,h3-29=\":443\"; ma=2592000,h3-Q050=\":443\"; ma=2592000,h3-Q046=\":443\"; ma=2592000,h3-Q043=\":443\"; ma=2592000,quic=\":443\"; ma=2592000; v=\"46,43\"","accept-ranges":"none","transfer-encoding":"chunked"}
[debug] [2022-01-07T17:41:22.748Z] >>> [apiv2][query] GET https://firebase.googleapis.com/v1beta1/projects/r-space-e74eb [none]
[debug] [2022-01-07T17:41:23.543Z] <<< [apiv2][status] GET https://firebase.googleapis.com/v1beta1/projects/r-space-e74eb 403
[debug] [2022-01-07T17:41:23.543Z] <<< [apiv2][body] GET https://firebase.googleapis.com/v1beta1/projects/r-space-e74eb {"error":{"code":403,"message":"The caller does not have permission","status":"PERMISSION_DENIED"}}
[debug] [2022-01-07T17:41:23.545Z] HTTP Error: 403, The caller does not have permission
[debug] [2022-01-07T17:41:23.747Z] FirebaseError: HTTP Error: 403, The caller does not have permission
    at module.exports (/usr/local/lib/node_modules/firebase-tools/lib/responseToError.js:38:12)
    at Client.doRequest (/usr/local/lib/node_modules/firebase-tools/lib/apiv2.js:241:23)
    at processTicksAndRejections (internal/process/task_queues.js:97:5)
    at async Client.request (/usr/local/lib/node_modules/firebase-tools/lib/apiv2.js:96:20)
    at async Object.getFirebaseProject (/usr/local/lib/node_modules/firebase-tools/lib/management/projects.js:290:21)
    at async Object.getDefaultHostingSite (/usr/local/lib/node_modules/firebase-tools/lib/getDefaultHostingSite.js:8:21)
    at async requireHostingSite (/usr/local/lib/node_modules/firebase-tools/lib/requireHostingSite.js:9:18)
    at async Object.fn (/usr/local/lib/node_modules/firebase-tools/lib/commands/deploy.js:73:9)
    at async /usr/local/lib/node_modules/firebase-tools/lib/command.js:188:17
[error] 
[error] Error: Failed to get Firebase project r-space-e74eb. Please make sure the project exists and your account has permission to access it.
